04/03/2013 15:08:44.643   Initializing game state from default save state
04/03/2013 15:08:44.674   Loaded global objects
04/03/2013 15:08:44.674   Loaded room at (0,0,1) from 'rooms/0_0_1.xml'
04/03/2013 15:08:44.674   Loaded room at (0,1,1) from 'rooms/0_1_1.xml'
04/03/2013 15:08:44.674   Loaded room at (0,2,1) from 'rooms/0_2_1.xml'
04/03/2013 15:08:44.674   Loaded room at (1,0,1) from 'rooms/1_0_1.xml'
04/03/2013 15:08:44.674   Loaded room at (1,1,1) from 'rooms/1_1_1.xml'
04/03/2013 15:08:44.674   Starting command thread
04/03/2013 15:08:44.674   Starting spawn NPC thread
04/03/2013 15:08:44.674   Spawned NPC: (bill gates) <engine.NPC instance at 0x02887FA8>
04/03/2013 15:08:44.674   Starting NPC action thread
04/03/2013 15:08:44.674   Put command (<engine.NPC instance at 0x02887FA8>, <engine.Room instance at 0x02887A58>, go, ['south'], <engine.Portal instance at 0x02887210>, ['npc']) in the command queue
04/03/2013 15:08:44.674   Closing npc action thread.
04/03/2013 15:08:44.736   Running command (go, south)
04/03/2013 15:08:49.681   Put command (<engine.NPC instance at 0x02887FA8>, <engine.Room instance at 0x02887850>, go, ['north'], <engine.Portal instance at 0x02887148>, ['npc']) in the command queue
04/03/2013 15:08:49.681   Closing npc action thread.
04/03/2013 15:08:49.728   Running command (go, north)
04/03/2013 15:08:54.252   Created player 'matt' at (0,0,1)
04/03/2013 15:08:54.689   Put command (<engine.NPC instance at 0x02887FA8>, <engine.Room instance at 0x02887850>, go, ['east'], <engine.Portal instance at 0x028870F8>, ['npc']) in the command queue
04/03/2013 15:08:54.689   Closing npc action thread.
04/03/2013 15:08:54.720   Running command (go, east)
04/03/2013 15:08:56.733   Put command (<engine.Player instance at 0x0288C6C0>, <engine.Room instance at 0x02887440>, take, ['toilet'], <engine.Item instance at 0x02880F80>, []) in the command queue
04/03/2013 15:08:56.779   Running command (take, toilet)
04/03/2013 15:08:56.795   Sending message to server: (matt, You have taken the old toilet.)
04/03/2013 15:08:58.854   Put command (<engine.Player instance at 0x0288C6C0>, <engine.Room instance at 0x02887440>, go, ['east'], <engine.Portal instance at 0x02887030>, []) in the command queue
04/03/2013 15:08:58.901   Running command (go, east)
04/03/2013 15:08:58.917   Sending message to server: (matt, An old dining hall. You see Kanye West's sunglasses in the room. There is a wooden door to the west.)
04/03/2013 15:08:59.697   Put command (<engine.NPC instance at 0x02887FA8>, <engine.Room instance at 0x02887F58>, go, ['west'], <engine.Portal instance at 0x02880FD0>, ['npc']) in the command queue
04/03/2013 15:08:59.697   Closing npc action thread.
04/03/2013 15:08:59.712   Running command (go, west)
04/03/2013 15:09:02.411   Put command (<engine.Player instance at 0x0288C6C0>, <engine.Room instance at 0x02887CD8>, take, ['sunglasses'], <engine.Item instance at 0x02887288>, []) in the command queue
04/03/2013 15:09:02.458   Running command (take, sunglasses)
04/03/2013 15:09:02.459   Sending message to server: (matt, You have taken the kanye west's sunglasses.)
04/03/2013 15:09:04.698   Put command (<engine.NPC instance at 0x02887FA8>, <engine.Room instance at 0x02887850>, go, ['south'], <engine.Portal instance at 0x02887198>, ['npc']) in the command queue
04/03/2013 15:09:04.698   Closing npc action thread.
04/03/2013 15:09:04.748   Running command (go, south)
04/03/2013 15:09:09.698   Put command (<engine.NPC instance at 0x02887FA8>, <engine.Room instance at 0x02887440>, go, ['north'], <engine.Portal instance at 0x02887080>, ['npc']) in the command queue
04/03/2013 15:09:09.698   Closing npc action thread.
04/03/2013 15:09:09.748   Running command (go, north)
04/03/2013 15:09:14.708   Put command (<engine.NPC instance at 0x02887FA8>, <engine.Room instance at 0x02887850>, go, ['east'], <engine.Portal instance at 0x028870F8>, ['npc']) in the command queue
04/03/2013 15:09:14.708   Closing npc action thread.
04/03/2013 15:09:14.739   Running command (go, east)
04/03/2013 15:09:18.93   Removed player 'matt'
04/03/2013 15:09:19.715   Put command (<engine.NPC instance at 0x02887FA8>, <engine.Room instance at 0x02887F58>, go, ['west'], <engine.Portal instance at 0x02880FD0>, ['npc']) in the command queue
04/03/2013 15:09:19.715   Closing npc action thread.
04/03/2013 15:09:19.731   Running command (go, west)
