04/03/2013 15:08:44.674   Game State initialized
04/03/2013 15:08:44.674   Login Socket created
04/03/2013 15:08:44.674   Log-in thread spawned
04/03/2013 15:08:44.674   Login Socket bound
04/03/2013 15:08:44.674   Login socket listening
04/03/2013 15:08:44.674   Server action thread spawned
04/03/2013 15:08:44.674   Player timeout thread spawned
04/03/2013 15:08:44.689   Entering main loop...
04/03/2013 15:08:51.351   Connected with 172.16.248.29:60628
04/03/2013 15:08:51.725   Required user affiliation from <matt>
04/03/2013 15:08:54.237   Connected with 172.16.248.29:60629
04/03/2013 15:08:54.237   Creating user: <matt>
04/03/2013 15:08:54.252   Sending message to <matt>: "An empty jail cell. You see a cruddy old toilet, and a key in the room. There is a metal door to the north, and a wooden door to the east."
04/03/2013 15:08:54.252   <matt> added to the game.
04/03/2013 15:08:56.655   Got input from: <matt>
04/03/2013 15:08:56.670   Putting in the command queue: <matt>; "take toilet"
04/03/2013 15:08:56.733   Processing Command from Queue: <player>: matt <command>: take toilet
04/03/2013 15:08:56.795   Sending message to <matt>: "You have taken the old toilet."
04/03/2013 15:08:58.807   Got input from: <matt>
04/03/2013 15:08:58.823   Putting in the command queue: <matt>; "go e"
04/03/2013 15:08:58.854   Processing Command from Queue: <player>: matt <command>: go e
04/03/2013 15:08:58.917   Sending message to <matt>: "An old dining hall. You see Kanye West's sunglasses in the room. There is a wooden door to the west."
04/03/2013 15:08:59.260   Got input from: <matt>
04/03/2013 15:08:59.260   Got a ping from <matt>
04/03/2013 15:09:02.380   Got input from: <matt>
04/03/2013 15:09:02.380   Putting in the command queue: <matt>; "take sunglasses"
04/03/2013 15:09:02.411   Processing Command from Queue: <player>: matt <command>: take sunglasses
04/03/2013 15:09:02.459   Sending message to <matt>: "You have taken the kanye west's sunglasses."
04/03/2013 15:09:04.268   Got input from: <matt>
04/03/2013 15:09:04.268   Got a ping from <matt>
04/03/2013 15:09:09.268   Got input from: <matt>
04/03/2013 15:09:09.268   Got a ping from <matt>
04/03/2013 15:09:14.271   Got input from: <matt>
04/03/2013 15:09:14.271   Got a ping from <matt>
04/03/2013 15:09:18.93   Got input from: <matt>
04/03/2013 15:09:18.93   Removing <matt> from _Logged_in
04/03/2013 15:09:18.155   Input thread for player <matt> ending
