04/03/2013 15:08:44.674   Game State initialized
04/03/2013 15:08:44.674   Login Socket created
04/03/2013 15:08:44.674   Log-in thread spawned
04/03/2013 15:08:44.674   Login Socket bound
04/03/2013 15:08:44.674   Login socket listening
04/03/2013 15:08:44.674   Server action thread spawned
04/03/2013 15:08:44.674   Player timeout thread spawned
04/03/2013 15:08:44.689   Entering main loop...
04/03/2013 15:08:51.351   Connected with 172.16.248.29:60628
04/03/2013 15:08:51.725   Required user affiliation from <matt>
04/03/2013 15:08:54.237   Connected with 172.16.248.29:60629
04/03/2013 15:08:54.237   Creating user: <matt>
04/03/2013 15:08:54.252   Sending message to <matt>: "An empty jail cell. You see a cruddy old toilet, and a key in the room. There is a metal door to the north, and a wooden door to the east."
04/03/2013 15:08:54.252   <matt> added to the game.
04/03/2013 15:08:56.655   Got input from: <matt>
04/03/2013 15:08:56.670   Putting in the command queue: <matt>; "take toilet"
04/03/2013 15:08:56.733   Processing Command from Queue: <player>: matt <command>: take toilet
04/03/2013 15:08:56.795   Sending message to <matt>: "You have taken the old toilet."
04/03/2013 15:08:58.807   Got input from: <matt>
04/03/2013 15:08:58.823   Putting in the command queue: <matt>; "go e"
04/03/2013 15:08:58.854   Processing Command from Queue: <player>: matt <command>: go e
04/03/2013 15:08:58.917   Sending message to <matt>: "An old dining hall. You see Kanye West's sunglasses in the room. There is a wooden door to the west."
04/03/2013 15:08:59.260   Got input from: <matt>
04/03/2013 15:08:59.260   Got a ping from <matt>
04/03/2013 15:09:02.380   Got input from: <matt>
04/03/2013 15:09:02.380   Putting in the command queue: <matt>; "take sunglasses"
04/03/2013 15:09:02.411   Processing Command from Queue: <player>: matt <command>: take sunglasses
04/03/2013 15:09:02.459   Sending message to <matt>: "You have taken the kanye west's sunglasses."
04/03/2013 15:09:04.268   Got input from: <matt>
04/03/2013 15:09:04.268   Got a ping from <matt>
04/03/2013 15:09:09.268   Got input from: <matt>
04/03/2013 15:09:09.268   Got a ping from <matt>
04/03/2013 15:09:14.271   Got input from: <matt>
04/03/2013 15:09:14.271   Got a ping from <matt>
04/03/2013 15:09:18.93   Got input from: <matt>
04/03/2013 15:09:18.93   Removing <matt> from _Logged_in
04/03/2013 15:09:18.155   Input thread for player <matt> ending
04/03/2013 15:14:15.17   Game State initialized
04/03/2013 15:14:15.17   Login Socket created
04/03/2013 15:14:15.17   Log-in thread spawned
04/03/2013 15:14:15.17   Login Socket bound
04/03/2013 15:14:15.17   Server action thread spawned
04/03/2013 15:14:15.32   Player timeout thread spawned
04/03/2013 15:14:15.32   Login socket listening
04/03/2013 15:14:15.32   Entering main loop...
04/03/2013 15:14:47.746   Connected with 172.16.248.29:60658
04/03/2013 15:14:48.105   Required user affiliation from <matt>
04/03/2013 15:14:49.899   Connected with 172.16.248.29:60659
04/03/2013 15:14:49.914   Creating user: <matt>
04/03/2013 15:14:49.914   <matt> added to the game.
04/03/2013 15:14:49.914   Sending message to <matt>: "An empty jail cell. You see a cruddy old toilet, and a key in the room. There is a metal door to the north, and a wooden door to the east."
04/03/2013 15:14:50.101   Sending message to <matt>: "kanye has entered the room."
04/03/2013 15:14:52.5   Got input from: <matt>
04/03/2013 15:14:52.20   Putting in the command queue: <matt>; "take key"
04/03/2013 15:14:52.36   Processing Command from Queue: <player>: matt <command>: take key
04/03/2013 15:14:52.98   Sending message to <matt>: "You have taken the key."
04/03/2013 15:14:52.613   Got input from: <matt>
04/03/2013 15:14:52.629   Putting in the command queue: <matt>; "go n"
04/03/2013 15:14:52.660   Processing Command from Queue: <player>: matt <command>: go n
04/03/2013 15:14:52.722   Sending message to <matt>: "An abandoned guard room. You see a chest in the room. There is a metal door to the south, a wooden door to the east, and an iron door to the north."
04/03/2013 15:14:53.268   Got input from: <matt>
04/03/2013 15:14:53.284   Putting in the command queue: <matt>; "go e"
04/03/2013 15:14:53.346   Processing Command from Queue: <player>: matt <command>: go e
04/03/2013 15:14:53.409   Sending message to <matt>: "An empty lavatory You see a cruddy old toilet in the room. There is a wooden door to the west."
04/03/2013 15:14:54.937   Got input from: <matt>
04/03/2013 15:14:54.937   Got a ping from <matt>
04/03/2013 15:14:55.   Got input from: <matt>
04/03/2013 15:14:55.   Putting in the command queue: <matt>; "take toilet"
04/03/2013 15:14:55.31   Processing Command from Queue: <player>: matt <command>: take toilet
04/03/2013 15:14:55.93   Sending message to <matt>: "You have taken the old toilet."
04/03/2013 15:14:56.747   Got input from: <matt>
04/03/2013 15:14:56.763   Putting in the command queue: <matt>; "drop key"
04/03/2013 15:14:56.778   Processing Command from Queue: <player>: matt <command>: drop key
04/03/2013 15:14:56.841   Sending message to <matt>: "You have dropped the key."
04/03/2013 15:14:57.652   Got input from: <matt>
04/03/2013 15:14:57.667   Removing <matt> from _Logged_in
04/03/2013 15:14:57.730   Input thread for player <matt> ending
